{
  "RSpec": {
    "coverage": {
      "/Users/anton/work/repositories/ruby_jobs/lib/types.rb": [
        null,
        null,
        1,
        null,
        null,
        null,
        null,
        1,
        1,
        1,
        null,
        null,
        17,
        null,
        null,
        null,
        1,
        null,
        null,
        null,
        null
      ],
      "/Users/anton/work/repositories/ruby_jobs/lib/core/libs/operation.rb": [
        null,
        null,
        1,
        1,
        1,
        1,
        null,
        1,
        null,
        null,
        null,
        null,
        null,
        null,
        null,
        null,
        null,
        null,
        null,
        null,
        null,
        null,
        null,
        null,
        null,
        null,
        null,
        1,
        1,
        1,
        1,
        null,
        1,
        null,
        1,
        0,
        null,
        null,
        null
      ],
      "/Users/anton/work/repositories/ruby_jobs/lib/core.rb": [
        null,
        null,
        1,
        null
      ],
      "/Users/anton/work/repositories/ruby_jobs/apps/web/views/application_layout.rb": [
        null,
        null,
        1,
        1,
        1,
        1,
        null,
        null,
        null
      ]
    },
    "timestamp": 1554569337
  }
}
